<?xml version="1.0" encoding="UTF-8"?>
<testsuite xmlns:xsi="http://www.w3.org/2001/XMLSchema-instance" xsi:noNamespaceSchemaLocation="https://maven.apache.org/surefire/maven-surefire-plugin/xsd/surefire-test-report-3.0.xsd" version="3.0" name="TestSuite" time="6.553" tests="4" errors="0" skipped="3" failures="1">
  <properties>
    <property name="sun.desktop" value="windows"/>
    <property name="awt.toolkit" value="sun.awt.windows.WToolkit"/>
    <property name="urlToBeTested" value="https://demo.actitime.com/login.do"/>
    <property name="java.specification.version" value="11"/>
    <property name="sun.cpu.isalist" value="amd64"/>
    <property name="sun.jnu.encoding" value="Cp1252"/>
    <property name="java.class.path" value="C:\Users\Abhi\git\repository\OpenCart\target\test-classes;C:\Users\Abhi\git\repository\OpenCart\target\classes;C:\Users\Abhi\.m2\repository\junit\junit\4.11\junit-4.11.jar;C:\Users\Abhi\.m2\repository\org\hamcrest\hamcrest-core\1.3\hamcrest-core-1.3.jar;C:\Users\Abhi\.m2\repository\org\seleniumhq\selenium\selenium-java\3.14.0\selenium-java-3.14.0.jar;C:\Users\Abhi\.m2\repository\org\seleniumhq\selenium\selenium-api\3.14.0\selenium-api-3.14.0.jar;C:\Users\Abhi\.m2\repository\org\seleniumhq\selenium\selenium-chrome-driver\3.14.0\selenium-chrome-driver-3.14.0.jar;C:\Users\Abhi\.m2\repository\org\seleniumhq\selenium\selenium-edge-driver\3.14.0\selenium-edge-driver-3.14.0.jar;C:\Users\Abhi\.m2\repository\org\seleniumhq\selenium\selenium-firefox-driver\3.14.0\selenium-firefox-driver-3.14.0.jar;C:\Users\Abhi\.m2\repository\org\seleniumhq\selenium\selenium-ie-driver\3.14.0\selenium-ie-driver-3.14.0.jar;C:\Users\Abhi\.m2\repository\org\seleniumhq\selenium\selenium-opera-driver\3.14.0\selenium-opera-driver-3.14.0.jar;C:\Users\Abhi\.m2\repository\org\seleniumhq\selenium\selenium-remote-driver\3.14.0\selenium-remote-driver-3.14.0.jar;C:\Users\Abhi\.m2\repository\org\seleniumhq\selenium\selenium-safari-driver\3.14.0\selenium-safari-driver-3.14.0.jar;C:\Users\Abhi\.m2\repository\org\seleniumhq\selenium\selenium-support\3.14.0\selenium-support-3.14.0.jar;C:\Users\Abhi\.m2\repository\net\bytebuddy\byte-buddy\1.8.15\byte-buddy-1.8.15.jar;C:\Users\Abhi\.m2\repository\org\apache\commons\commons-exec\1.3\commons-exec-1.3.jar;C:\Users\Abhi\.m2\repository\commons-codec\commons-codec\1.10\commons-codec-1.10.jar;C:\Users\Abhi\.m2\repository\commons-logging\commons-logging\1.2\commons-logging-1.2.jar;C:\Users\Abhi\.m2\repository\com\google\guava\guava\25.0-jre\guava-25.0-jre.jar;C:\Users\Abhi\.m2\repository\com\google\code\findbugs\jsr305\1.3.9\jsr305-1.3.9.jar;C:\Users\Abhi\.m2\repository\org\checkerframework\checker-compat-qual\2.0.0\checker-compat-qual-2.0.0.jar;C:\Users\Abhi\.m2\repository\com\google\errorprone\error_prone_annotations\2.1.3\error_prone_annotations-2.1.3.jar;C:\Users\Abhi\.m2\repository\com\google\j2objc\j2objc-annotations\1.1\j2objc-annotations-1.1.jar;C:\Users\Abhi\.m2\repository\org\codehaus\mojo\animal-sniffer-annotations\1.14\animal-sniffer-annotations-1.14.jar;C:\Users\Abhi\.m2\repository\org\apache\httpcomponents\httpclient\4.5.5\httpclient-4.5.5.jar;C:\Users\Abhi\.m2\repository\org\apache\httpcomponents\httpcore\4.4.9\httpcore-4.4.9.jar;C:\Users\Abhi\.m2\repository\com\squareup\okhttp3\okhttp\3.10.0\okhttp-3.10.0.jar;C:\Users\Abhi\.m2\repository\com\squareup\okio\okio\1.14.1\okio-1.14.1.jar;C:\Users\Abhi\.m2\repository\org\testng\testng\7.4.0\testng-7.4.0.jar;C:\Users\Abhi\.m2\repository\com\beust\jcommander\1.78\jcommander-1.78.jar;C:\Users\Abhi\.m2\repository\org\webjars\jquery\3.5.1\jquery-3.5.1.jar;C:\Users\Abhi\.m2\repository\com\aventstack\extentreports\4.0.0\extentreports-4.0.0.jar;C:\Users\Abhi\.m2\repository\org\freemarker\freemarker\2.3.23\freemarker-2.3.23.jar;C:\Users\Abhi\.m2\repository\org\mongodb\mongodb-driver\3.3.0\mongodb-driver-3.3.0.jar;C:\Users\Abhi\.m2\repository\org\mongodb\mongodb-driver-core\3.3.0\mongodb-driver-core-3.3.0.jar;C:\Users\Abhi\.m2\repository\org\mongodb\bson\3.3.0\bson-3.3.0.jar;C:\Users\Abhi\.m2\repository\org\apache\httpcomponents\httpmime\4.5.2\httpmime-4.5.2.jar;C:\Users\Abhi\.m2\repository\com\google\code\gson\gson\2.8.5\gson-2.8.5.jar;C:\Users\Abhi\.m2\repository\org\apache\poi\poi\5.0.0\poi-5.0.0.jar;C:\Users\Abhi\.m2\repository\org\slf4j\slf4j-api\1.7.30\slf4j-api-1.7.30.jar;C:\Users\Abhi\.m2\repository\org\slf4j\jcl-over-slf4j\1.7.30\jcl-over-slf4j-1.7.30.jar;C:\Users\Abhi\.m2\repository\org\apache\commons\commons-collections4\4.4\commons-collections4-4.4.jar;C:\Users\Abhi\.m2\repository\org\apache\commons\commons-math3\3.6.1\commons-math3-3.6.1.jar;C:\Users\Abhi\.m2\repository\com\zaxxer\SparseBitSet\1.2\SparseBitSet-1.2.jar;C:\Users\Abhi\.m2\repository\org\apache\poi\poi-ooxml\5.2.0\poi-ooxml-5.2.0.jar;C:\Users\Abhi\.m2\repository\org\apache\poi\poi-ooxml-lite\5.2.0\poi-ooxml-lite-5.2.0.jar;C:\Users\Abhi\.m2\repository\org\apache\xmlbeans\xmlbeans\5.0.3\xmlbeans-5.0.3.jar;C:\Users\Abhi\.m2\repository\org\apache\commons\commons-compress\1.21\commons-compress-1.21.jar;C:\Users\Abhi\.m2\repository\com\github\virtuald\curvesapi\1.06\curvesapi-1.06.jar;C:\Users\Abhi\.m2\repository\org\apache\logging\log4j\log4j-api\2.17.1\log4j-api-2.17.1.jar;C:\Users\Abhi\.m2\repository\commons-io\commons-io\2.11.0\commons-io-2.11.0.jar;C:\Users\Abhi\.m2\repository\org\apache\commons\commons-lang3\3.12.0\commons-lang3-3.12.0.jar;C:\Users\Abhi\.m2\repository\org\apache\logging\log4j\log4j-core\2.17.1\log4j-core-2.17.1.jar;"/>
    <property name="java.vm.vendor" value="Oracle Corporation"/>
    <property name="sun.arch.data.model" value="64"/>
    <property name="user.variant" value=""/>
    <property name="java.vendor.url" value="https://openjdk.java.net/"/>
    <property name="user.timezone" value="Asia/Calcutta"/>
    <property name="java.vm.specification.version" value="11"/>
    <property name="os.name" value="Windows 10"/>
    <property name="sun.java.launcher" value="SUN_STANDARD"/>
    <property name="user.country" value="IN"/>
    <property name="sun.boot.library.path" value="C:\Program Files\Java\jdk-11.0.14\bin"/>
    <property name="sun.java.command" value="C:\Users\Abhi\AppData\Local\Temp\surefire12176668421108452074\surefirebooter5546434051595460649.jar C:\Users\Abhi\AppData\Local\Temp\surefire12176668421108452074 2022-02-14T10-20-22_578-jvmRun1 surefire2754392035915211207tmp surefire_016218410425983487058tmp"/>
    <property name="jdk.debug" value="release"/>
    <property name="surefire.test.class.path" value="C:\Users\Abhi\git\repository\OpenCart\target\test-classes;C:\Users\Abhi\git\repository\OpenCart\target\classes;C:\Users\Abhi\.m2\repository\junit\junit\4.11\junit-4.11.jar;C:\Users\Abhi\.m2\repository\org\hamcrest\hamcrest-core\1.3\hamcrest-core-1.3.jar;C:\Users\Abhi\.m2\repository\org\seleniumhq\selenium\selenium-java\3.14.0\selenium-java-3.14.0.jar;C:\Users\Abhi\.m2\repository\org\seleniumhq\selenium\selenium-api\3.14.0\selenium-api-3.14.0.jar;C:\Users\Abhi\.m2\repository\org\seleniumhq\selenium\selenium-chrome-driver\3.14.0\selenium-chrome-driver-3.14.0.jar;C:\Users\Abhi\.m2\repository\org\seleniumhq\selenium\selenium-edge-driver\3.14.0\selenium-edge-driver-3.14.0.jar;C:\Users\Abhi\.m2\repository\org\seleniumhq\selenium\selenium-firefox-driver\3.14.0\selenium-firefox-driver-3.14.0.jar;C:\Users\Abhi\.m2\repository\org\seleniumhq\selenium\selenium-ie-driver\3.14.0\selenium-ie-driver-3.14.0.jar;C:\Users\Abhi\.m2\repository\org\seleniumhq\selenium\selenium-opera-driver\3.14.0\selenium-opera-driver-3.14.0.jar;C:\Users\Abhi\.m2\repository\org\seleniumhq\selenium\selenium-remote-driver\3.14.0\selenium-remote-driver-3.14.0.jar;C:\Users\Abhi\.m2\repository\org\seleniumhq\selenium\selenium-safari-driver\3.14.0\selenium-safari-driver-3.14.0.jar;C:\Users\Abhi\.m2\repository\org\seleniumhq\selenium\selenium-support\3.14.0\selenium-support-3.14.0.jar;C:\Users\Abhi\.m2\repository\net\bytebuddy\byte-buddy\1.8.15\byte-buddy-1.8.15.jar;C:\Users\Abhi\.m2\repository\org\apache\commons\commons-exec\1.3\commons-exec-1.3.jar;C:\Users\Abhi\.m2\repository\commons-codec\commons-codec\1.10\commons-codec-1.10.jar;C:\Users\Abhi\.m2\repository\commons-logging\commons-logging\1.2\commons-logging-1.2.jar;C:\Users\Abhi\.m2\repository\com\google\guava\guava\25.0-jre\guava-25.0-jre.jar;C:\Users\Abhi\.m2\repository\com\google\code\findbugs\jsr305\1.3.9\jsr305-1.3.9.jar;C:\Users\Abhi\.m2\repository\org\checkerframework\checker-compat-qual\2.0.0\checker-compat-qual-2.0.0.jar;C:\Users\Abhi\.m2\repository\com\google\errorprone\error_prone_annotations\2.1.3\error_prone_annotations-2.1.3.jar;C:\Users\Abhi\.m2\repository\com\google\j2objc\j2objc-annotations\1.1\j2objc-annotations-1.1.jar;C:\Users\Abhi\.m2\repository\org\codehaus\mojo\animal-sniffer-annotations\1.14\animal-sniffer-annotations-1.14.jar;C:\Users\Abhi\.m2\repository\org\apache\httpcomponents\httpclient\4.5.5\httpclient-4.5.5.jar;C:\Users\Abhi\.m2\repository\org\apache\httpcomponents\httpcore\4.4.9\httpcore-4.4.9.jar;C:\Users\Abhi\.m2\repository\com\squareup\okhttp3\okhttp\3.10.0\okhttp-3.10.0.jar;C:\Users\Abhi\.m2\repository\com\squareup\okio\okio\1.14.1\okio-1.14.1.jar;C:\Users\Abhi\.m2\repository\org\testng\testng\7.4.0\testng-7.4.0.jar;C:\Users\Abhi\.m2\repository\com\beust\jcommander\1.78\jcommander-1.78.jar;C:\Users\Abhi\.m2\repository\org\webjars\jquery\3.5.1\jquery-3.5.1.jar;C:\Users\Abhi\.m2\repository\com\aventstack\extentreports\4.0.0\extentreports-4.0.0.jar;C:\Users\Abhi\.m2\repository\org\freemarker\freemarker\2.3.23\freemarker-2.3.23.jar;C:\Users\Abhi\.m2\repository\org\mongodb\mongodb-driver\3.3.0\mongodb-driver-3.3.0.jar;C:\Users\Abhi\.m2\repository\org\mongodb\mongodb-driver-core\3.3.0\mongodb-driver-core-3.3.0.jar;C:\Users\Abhi\.m2\repository\org\mongodb\bson\3.3.0\bson-3.3.0.jar;C:\Users\Abhi\.m2\repository\org\apache\httpcomponents\httpmime\4.5.2\httpmime-4.5.2.jar;C:\Users\Abhi\.m2\repository\com\google\code\gson\gson\2.8.5\gson-2.8.5.jar;C:\Users\Abhi\.m2\repository\org\apache\poi\poi\5.0.0\poi-5.0.0.jar;C:\Users\Abhi\.m2\repository\org\slf4j\slf4j-api\1.7.30\slf4j-api-1.7.30.jar;C:\Users\Abhi\.m2\repository\org\slf4j\jcl-over-slf4j\1.7.30\jcl-over-slf4j-1.7.30.jar;C:\Users\Abhi\.m2\repository\org\apache\commons\commons-collections4\4.4\commons-collections4-4.4.jar;C:\Users\Abhi\.m2\repository\org\apache\commons\commons-math3\3.6.1\commons-math3-3.6.1.jar;C:\Users\Abhi\.m2\repository\com\zaxxer\SparseBitSet\1.2\SparseBitSet-1.2.jar;C:\Users\Abhi\.m2\repository\org\apache\poi\poi-ooxml\5.2.0\poi-ooxml-5.2.0.jar;C:\Users\Abhi\.m2\repository\org\apache\poi\poi-ooxml-lite\5.2.0\poi-ooxml-lite-5.2.0.jar;C:\Users\Abhi\.m2\repository\org\apache\xmlbeans\xmlbeans\5.0.3\xmlbeans-5.0.3.jar;C:\Users\Abhi\.m2\repository\org\apache\commons\commons-compress\1.21\commons-compress-1.21.jar;C:\Users\Abhi\.m2\repository\com\github\virtuald\curvesapi\1.06\curvesapi-1.06.jar;C:\Users\Abhi\.m2\repository\org\apache\logging\log4j\log4j-api\2.17.1\log4j-api-2.17.1.jar;C:\Users\Abhi\.m2\repository\commons-io\commons-io\2.11.0\commons-io-2.11.0.jar;C:\Users\Abhi\.m2\repository\org\apache\commons\commons-lang3\3.12.0\commons-lang3-3.12.0.jar;C:\Users\Abhi\.m2\repository\org\apache\logging\log4j\log4j-core\2.17.1\log4j-core-2.17.1.jar;"/>
    <property name="sun.cpu.endian" value="little"/>
    <property name="user.home" value="C:\Users\Abhi"/>
    <property name="user.language" value="en"/>
    <property name="java.specification.vendor" value="Oracle Corporation"/>
    <property name="java.version.date" value="2022-01-18"/>
    <property name="java.home" value="C:\Program Files\Java\jdk-11.0.14"/>
    <property name="file.separator" value="\"/>
    <property name="basedir" value="C:\Users\Abhi\git\repository\OpenCart"/>
    <property name="java.vm.compressedOopsMode" value="32-bit"/>
    <property name="line.separator" value="&#10;"/>
    <property name="java.specification.name" value="Java Platform API Specification"/>
    <property name="java.vm.specification.vendor" value="Oracle Corporation"/>
    <property name="java.awt.graphicsenv" value="sun.awt.Win32GraphicsEnvironment"/>
    <property name="surefire.real.class.path" value="C:\Users\Abhi\AppData\Local\Temp\surefire12176668421108452074\surefirebooter5546434051595460649.jar"/>
    <property name="user.script" value=""/>
    <property name="sun.management.compiler" value="HotSpot 64-Bit Tiered Compilers"/>
    <property name="java.runtime.version" value="11.0.14+8-LTS-263"/>
    <property name="user.name" value="Abhi"/>
    <property name="xmlFiles" value="testng.xml"/>
    <property name="path.separator" value=";"/>
    <property name="os.version" value="10.0"/>
    <property name="java.runtime.name" value="Java(TM) SE Runtime Environment"/>
    <property name="file.encoding" value="Cp1252"/>
    <property name="browser" value="firefox"/>
    <property name="java.vm.name" value="Java HotSpot(TM) 64-Bit Server VM"/>
    <property name="java.vendor.version" value="18.9"/>
    <property name="localRepository" value="C:\Users\Abhi\.m2\repository"/>
    <property name="java.vendor.url.bug" value="https://bugreport.java.com/bugreport/"/>
    <property name="java.io.tmpdir" value="C:\Users\Abhi\AppData\Local\Temp\"/>
    <property name="java.version" value="11.0.14"/>
    <property name="user.dir" value="C:\Users\Abhi\git\repository\OpenCart"/>
    <property name="os.arch" value="amd64"/>
    <property name="executeBrowser" value="$browser"/>
    <property name="webdriver.gecko.driver" value=".drivers\geckodriver.exe"/>
    <property name="java.vm.specification.name" value="Java Virtual Machine Specification"/>
    <property name="appURL" value="https://demo.actitime.com/login.do"/>
    <property name="java.awt.printerjob" value="sun.awt.windows.WPrinterJob"/>
    <property name="sun.os.patch.level" value=""/>
    <property name="java.library.path" value="C:\Program Files\Java\jdk-11.0.14\bin;C:\WINDOWS\Sun\Java\bin;C:\WINDOWS\system32;C:\WINDOWS;C:\Program Files\Common Files\Oracle\Java\javapath;C:\oracle\product\10.2.0\db_1\bin;C:\WINDOWS\system32;C:\WINDOWS;C:\WINDOWS\System32\Wbem;C:\WINDOWS\System32\WindowsPowerShell\v1.0\;C:\WINDOWS\System32\OpenSSH\;C:\apache-maven-3.8.4\bin;C:\Program Files\Java\jdk-11.0.14\bin;C:\Users\Abhi\AppData\Local\Microsoft\WindowsApps;;."/>
    <property name="java.vendor" value="Oracle Corporation"/>
    <property name="java.vm.info" value="mixed mode"/>
    <property name="java.vm.version" value="11.0.14+8-LTS-263"/>
    <property name="sun.io.unicode.encoding" value="UnicodeLittle"/>
    <property name="java.class.version" value="55.0"/>
  </properties>
  <testcase name="setup[firefox, https://demo.actitime.com/login.do](0)" classname="com.opencart.TestCases.LoginTestCRM" time="6.058">
    <failure message="The driver executable does not exist: C:\Users\Abhi\git\repository\OpenCart\.drivers\geckodriver.exe" type="java.lang.IllegalStateException"><![CDATA[java.lang.IllegalStateException: The driver executable does not exist: C:\Users\Abhi\git\repository\OpenCart\.drivers\geckodriver.exe
]]></failure>
    <system-out><![CDATA[setting of the reports and test is getting ready
setting Done = Test can be started
Trying to start Browser and getting application ready
]]></system-out>
  </testcase>
  <testcase name="loginApp" classname="com.opencart.TestCases.LoginTestCRM" time="0">
    <skipped message="The driver executable does not exist: C:\Users\Abhi\git\repository\OpenCart\.drivers\geckodriver.exe"/>
  </testcase>
  <testcase name="teardownMethod" classname="com.opencart.TestCases.LoginTestCRM" time="0">
    <skipped/>
  </testcase>
  <testcase name="teardown" classname="com.opencart.TestCases.LoginTestCRM" time="0">
    <skipped/>
  </testcase>
</testsuite>