<?xml version="1.0" encoding="UTF-8"?>
<!-- Generated by org.testng.reporters.JUnitReportReporter -->
<testsuite hostname="DESKTOP-505DA1M" failures="0" tests="1" name="com.opencart.TestCases.LoginTestCRM" time="15.541" errors="0" timestamp="2022-02-15T10:32:48 IST" skipped="0">
  <testcase classname="com.opencart.TestCases.LoginTestCRM" name="loginApp" time="15.541"/>
  <system-out/>
</testsuite> <!-- com.opencart.TestCases.LoginTestCRM -->
