<?xml version="1.0" encoding="UTF-8"?>
<!-- Generated by org.testng.reporters.JUnitReportReporter -->
<testsuite ignored="0" hostname="DESKTOP-505DA1M" failures="0" tests="1" name="com.opencart.TestCases.LoginTest" time="10.681" errors="0" timestamp="05 Feb 2022 08:31:38 GMT" skipped="0">
  <testcase classname="com.opencart.TestCases.LoginTest" name="loginApp" time="10.681"/>
</testsuite> <!-- com.opencart.TestCases.LoginTest -->
